<?xml version="1.0" encoding="UTF-8"?>
<!-- Generated by org.testng.reporters.JUnitXMLReporter -->
<testsuite ignored="0" hostname="DESKTOP-JUQ15IP" failures="0" tests="25" name="Test" time="20.354" errors="0" timestamp="2020-11-06T16:55:40 EST">
  <testcase classname="com.employeeapi.testCases.TC003_POST_User" name="checkResponseBody" time="0.015"/>
  <testcase classname="com.employeeapi.testCases.TC005_DELETE_Employee" name="checkResponseBody" time="0.007"/>
  <testcase classname="com.employeeapi.testCases.TC003_POST_User" name="checkStatusCode" time="0.002"/>
  <testcase classname="com.employeeapi.testCases.TC005_DELETE_Employee" name="checkStatusCode" time="0.002"/>
  <testcase classname="com.employeeapi.testCases.TC003_POST_User" name="checkStatusLine" time="0.001"/>
  <testcase classname="com.employeeapi.testCases.TC005_DELETE_Employee" name="checkStatusLine" time="0.001"/>
  <testcase classname="com.employeeapi.testCases.TC002_GET_SINGLE_Employee" name="checkResponseBody" time="0.005"/>
  <testcase classname="com.employeeapi.testCases.TC002_GET_SINGLE_Employee" name="checkStatusCode" time="0.002"/>
  <testcase classname="com.employeeapi.testCases.TC002_GET_SINGLE_Employee" name="checkResponseTime" time="0.001"/>
  <testcase classname="com.employeeapi.testCases.TC003_POST_User" name="checkContentType" time="0.001"/>
  <testcase classname="com.employeeapi.testCases.TC002_GET_SINGLE_Employee" name="checkStatusLine" time="0.001"/>
  <testcase classname="com.employeeapi.testCases.TC002_GET_SINGLE_Employee" name="checkContentType" time="0.001"/>
  <testcase classname="com.employeeapi.testCases.TC003_POST_User" name="checkServerType" time="0.001"/>
  <testcase classname="com.employeeapi.testCases.TC003_POST_User" name="checkContentEncoding" time="0.001"/>
  <testcase classname="com.employeeapi.testCases.TC002_GET_SINGLE_Employee" name="checkServerType" time="0.001"/>
  <testcase classname="com.employeeapi.testCases.TC001_GET_All_Employees" name="checkResponseBody" time="0.004"/>
  <testcase classname="com.employeeapi.testCases.TC001_GET_All_Employees" name="checkStatusCode" time="0.001"/>
  <testcase classname="com.employeeapi.testCases.TC001_GET_All_Employees" name="checkResponseTime" time="0.001"/>
  <testcase classname="com.employeeapi.testCases.TC001_GET_All_Employees" name="checkStatusLine" time="0.002"/>
  <testcase classname="com.employeeapi.testCases.TC001_GET_All_Employees" name="checkContentType" time="0.001"/>
  <testcase classname="com.employeeapi.testCases.TC001_GET_All_Employees" name="checkServerType" time="0.001"/>
  <testcase classname="com.employeeapi.testCases.TC001_GET_All_Employees" name="checkCookies" time="0.001"/>
  <testcase classname="com.employeeapi.testCases.TC004_PUT_Employee" name="checkResponseBody" time="0.002"/>
  <testcase classname="com.employeeapi.testCases.TC004_PUT_Employee" name="checkStatusCode" time="0.001"/>
  <testcase classname="com.employeeapi.testCases.TC004_PUT_Employee" name="checkStatusLine" time="0.0"/>
</testsuite> <!-- Test -->
