<?xml version="1.0" encoding="UTF-8"?>
<!-- Generated by org.testng.reporters.JUnitXMLReporter -->
<testsuite ignored="0" hostname="DESKTOP-JUQ15IP" failures="0" tests="3" name="Default test" time="5.813" errors="0" timestamp="2020-11-06T11:49:50 EST">
  <testcase classname="com.employeeapi.testCases.TC005_DELETE_Employee" name="checkResponseBody" time="0.006"/>
  <testcase classname="com.employeeapi.testCases.TC005_DELETE_Employee" name="checkStatusCode" time="0.001"/>
  <testcase classname="com.employeeapi.testCases.TC005_DELETE_Employee" name="checkStatusLine" time="0.001"/>
</testsuite> <!-- Default test -->
